<?xml version="1.0" encoding="UTF-8"?>
<!-- Generated by org.testng.reporters.JUnitReportReporter -->
<testsuite hostname="Lenovo" name="com.flipkart_test.FlipkartLogin" tests="2" failures="0" timestamp="29 Nov 2018 15:30:56 GMT" time="133.919" errors="0">
  <testcase name="LoginTest" time="44.856" classname="com.flipkart_test.FlipkartLogin"/>
  <testcase name="LoginTest" time="89.063" classname="com.flipkart_test.FlipkartLogin"/>
</testsuite> <!-- com.flipkart_test.FlipkartLogin -->
